app/build/intermediates/manifest_merge_blame_file/release/processReleaseMainManifest/manifest-merger-blame-release-report.txt
1<?xml version="1.0" encoding="utf-8"?>
2<manifest xmlns:android="http://schemas.android.com/apk/res/android"
3    package="com.example.extensaotelas"
4    android:versionCode="1"
5    android:versionName="1.0" >
6
7    <uses-sdk
8        android:minSdkVersion="30"
9        android:targetSdkVersion="35" />
10
11    <!-- Permissões Bluetooth -->
12    <uses-permission android:name="android.permission.BLUETOOTH" />
12-->src\main\AndroidManifest.xml:6:5-68
12-->src\main\AndroidManifest.xml:6:22-65
13    <uses-permission android:name="android.permission.BLUETOOTH_ADMIN" />
13-->src\main\AndroidManifest.xml:7:5-74
13-->src\main\AndroidManifest.xml:7:22-71
14    <uses-permission android:name="android.permission.BLUETOOTH_CONNECT" />
14-->src\main\AndroidManifest.xml:8:5-76
14-->src\main\AndroidManifest.xml:8:22-73
15    <uses-permission android:name="android.permission.BLUETOOTH_SCAN" />
15-->src\main\AndroidManifest.xml:9:5-73
15-->src\main\AndroidManifest.xml:9:22-70
16    <uses-permission android:name="android.permission.ACCESS_FINE_LOCATION" />
16-->src\main\AndroidManifest.xml:10:5-79
16-->src\main\AndroidManifest.xml:10:22-76
17
18    <permission
18-->[androidx.core:core:1.16.0] AndroidManifest.xml:22:5-24:47
19        android:name="com.example.extensaotelas.DYNAMIC_RECEIVER_NOT_EXPORTED_PERMISSION"
19-->[androidx.core:core:1.16.0] AndroidManifest.xml:23:9-81
20        android:protectionLevel="signature" />
20-->[androidx.core:core:1.16.0] AndroidManifest.xml:24:9-44
21
22    <uses-permission android:name="com.example.extensaotelas.DYNAMIC_RECEIVER_NOT_EXPORTED_PERMISSION" /> <!-- Para Android 12+ é necessário BLUETOOTH_CONNECT e BLUETOOTH_SCAN -->
22-->[androidx.core:core:1.16.0] AndroidManifest.xml:26:5-97
22-->[androidx.core:core:1.16.0] AndroidManifest.xml:26:22-94
23    <application
23-->src\main\AndroidManifest.xml:13:5-41:19
24        android:allowBackup="true"
24-->src\main\AndroidManifest.xml:14:9-35
25        android:appComponentFactory="androidx.core.app.CoreComponentFactory"
25-->[androidx.core:core:1.16.0] AndroidManifest.xml:28:18-86
26        android:dataExtractionRules="@xml/data_extraction_rules"
26-->src\main\AndroidManifest.xml:15:9-65
27        android:extractNativeLibs="false"
28        android:fullBackupContent="@xml/backup_rules"
28-->src\main\AndroidManifest.xml:16:9-54
29        android:icon="@mipmap/ic_launcher"
29-->src\main\AndroidManifest.xml:17:9-43
30        android:label="@string/app_name"
30-->src\main\AndroidManifest.xml:18:9-41
31        android:roundIcon="@mipmap/ic_launcher_round"
31-->src\main\AndroidManifest.xml:19:9-54
32        android:supportsRtl="true"
32-->src\main\AndroidManifest.xml:20:9-35
33        android:theme="@style/Theme.ExtensaoTelas" >
33-->src\main\AndroidManifest.xml:21:9-51
34        <activity
34-->src\main\AndroidManifest.xml:23:9-25:40
35            android:name="com.example.extensaotelas.BancoDeDados.Horario"
35-->src\main\AndroidManifest.xml:24:13-49
36            android:exported="false" />
36-->src\main\AndroidManifest.xml:25:13-37
37        <activity
37-->src\main\AndroidManifest.xml:26:9-28:40
38            android:name="com.example.extensaotelas.ListaHorariosActivity"
38-->src\main\AndroidManifest.xml:27:13-50
39            android:exported="false" />
39-->src\main\AndroidManifest.xml:28:13-37
40        <activity
40-->src\main\AndroidManifest.xml:29:9-31:40
41            android:name="com.example.extensaotelas.AdicionarHorarioActivity"
41-->src\main\AndroidManifest.xml:30:13-53
42            android:exported="false" />
42-->src\main\AndroidManifest.xml:31:13-37
43        <activity
43-->src\main\AndroidManifest.xml:32:9-40:20
44            android:name="com.example.extensaotelas.MainActivity"
44-->src\main\AndroidManifest.xml:33:13-41
45            android:exported="true" >
45-->src\main\AndroidManifest.xml:34:13-36
46            <intent-filter>
46-->src\main\AndroidManifest.xml:35:13-39:29
47                <action android:name="android.intent.action.MAIN" />
47-->src\main\AndroidManifest.xml:36:17-69
47-->src\main\AndroidManifest.xml:36:25-66
48
49                <category android:name="android.intent.category.LAUNCHER" />
49-->src\main\AndroidManifest.xml:38:17-77
49-->src\main\AndroidManifest.xml:38:27-74
50            </intent-filter>
51        </activity>
52
53        <provider
53-->[androidx.emoji2:emoji2:1.3.0] AndroidManifest.xml:24:9-32:20
54            android:name="androidx.startup.InitializationProvider"
54-->[androidx.emoji2:emoji2:1.3.0] AndroidManifest.xml:25:13-67
55            android:authorities="com.example.extensaotelas.androidx-startup"
55-->[androidx.emoji2:emoji2:1.3.0] AndroidManifest.xml:26:13-68
56            android:exported="false" >
56-->[androidx.emoji2:emoji2:1.3.0] AndroidManifest.xml:27:13-37
57            <meta-data
57-->[androidx.emoji2:emoji2:1.3.0] AndroidManifest.xml:29:13-31:52
58                android:name="androidx.emoji2.text.EmojiCompatInitializer"
58-->[androidx.emoji2:emoji2:1.3.0] AndroidManifest.xml:30:17-75
59                android:value="androidx.startup" />
59-->[androidx.emoji2:emoji2:1.3.0] AndroidManifest.xml:31:17-49
60            <meta-data
60-->[androidx.lifecycle:lifecycle-process:2.6.2] AndroidManifest.xml:29:13-31:52
61                android:name="androidx.lifecycle.ProcessLifecycleInitializer"
61-->[androidx.lifecycle:lifecycle-process:2.6.2] AndroidManifest.xml:30:17-78
62                android:value="androidx.startup" />
62-->[androidx.lifecycle:lifecycle-process:2.6.2] AndroidManifest.xml:31:17-49
63            <meta-data
63-->[androidx.profileinstaller:profileinstaller:1.4.0] AndroidManifest.xml:29:13-31:52
64                android:name="androidx.profileinstaller.ProfileInstallerInitializer"
64-->[androidx.profileinstaller:profileinstaller:1.4.0] AndroidManifest.xml:30:17-85
65                android:value="androidx.startup" />
65-->[androidx.profileinstaller:profileinstaller:1.4.0] AndroidManifest.xml:31:17-49
66        </provider>
67
68        <service
68-->[androidx.room:room-runtime-android:2.7.2] AndroidManifest.xml:24:9-28:63
69            android:name="androidx.room.MultiInstanceInvalidationService"
69-->[androidx.room:room-runtime-android:2.7.2] AndroidManifest.xml:25:13-74
70            android:directBootAware="true"
70-->[androidx.room:room-runtime-android:2.7.2] AndroidManifest.xml:26:13-43
71            android:exported="false" />
71-->[androidx.room:room-runtime-android:2.7.2] AndroidManifest.xml:27:13-37
72
73        <receiver
73-->[androidx.profileinstaller:profileinstaller:1.4.0] AndroidManifest.xml:34:9-52:20
74            android:name="androidx.profileinstaller.ProfileInstallReceiver"
74-->[androidx.profileinstaller:profileinstaller:1.4.0] AndroidManifest.xml:35:13-76
75            android:directBootAware="false"
75-->[androidx.profileinstaller:profileinstaller:1.4.0] AndroidManifest.xml:36:13-44
76            android:enabled="true"
76-->[androidx.profileinstaller:profileinstaller:1.4.0] AndroidManifest.xml:37:13-35
77            android:exported="true"
77-->[androidx.profileinstaller:profileinstaller:1.4.0] AndroidManifest.xml:38:13-36
78            android:permission="android.permission.DUMP" >
78-->[androidx.profileinstaller:profileinstaller:1.4.0] AndroidManifest.xml:39:13-57
79            <intent-filter>
79-->[androidx.profileinstaller:profileinstaller:1.4.0] AndroidManifest.xml:40:13-42:29
80                <action android:name="androidx.profileinstaller.action.INSTALL_PROFILE" />
80-->[androidx.profileinstaller:profileinstaller:1.4.0] AndroidManifest.xml:41:17-91
80-->[androidx.profileinstaller:profileinstaller:1.4.0] AndroidManifest.xml:41:25-88
81            </intent-filter>
82            <intent-filter>
82-->[androidx.profileinstaller:profileinstaller:1.4.0] AndroidManifest.xml:43:13-45:29
83                <action android:name="androidx.profileinstaller.action.SKIP_FILE" />
83-->[androidx.profileinstaller:profileinstaller:1.4.0] AndroidManifest.xml:44:17-85
83-->[androidx.profileinstaller:profileinstaller:1.4.0] AndroidManifest.xml:44:25-82
84            </intent-filter>
85            <intent-filter>
85-->[androidx.profileinstaller:profileinstaller:1.4.0] AndroidManifest.xml:46:13-48:29
86                <action android:name="androidx.profileinstaller.action.SAVE_PROFILE" />
86-->[androidx.profileinstaller:profileinstaller:1.4.0] AndroidManifest.xml:47:17-88
86-->[androidx.profileinstaller:profileinstaller:1.4.0] AndroidManifest.xml:47:25-85
87            </intent-filter>
88            <intent-filter>
88-->[androidx.profileinstaller:profileinstaller:1.4.0] AndroidManifest.xml:49:13-51:29
89                <action android:name="androidx.profileinstaller.action.BENCHMARK_OPERATION" />
89-->[androidx.profileinstaller:profileinstaller:1.4.0] AndroidManifest.xml:50:17-95
89-->[androidx.profileinstaller:profileinstaller:1.4.0] AndroidManifest.xml:50:25-92
90            </intent-filter>
91        </receiver>
92    </application>
93
94</manifest>